<?xml version="1.0" encoding="UTF-8"?>
<!-- Generated by org.testng.reporters.JUnitReportReporter -->
<testsuite hostname="MafiasLenovo" failures="0" tests="3" name="pspTech.karigor.testCases.ContactUsPage" time="21.312" errors="0" timestamp="2024-04-21T22:15:54 CDT" skipped="0">
  <testcase classname="pspTech.karigor.testCases.ContactUsPage" name="TC_003_Sending_Message_ByEmail" time="10.637"/>
  <system-out/>
  <testcase classname="pspTech.karigor.testCases.ContactUsPage" name="TC_001_ContactUsButtonClicked" time="0.132"/>
  <system-out/>
  <testcase classname="pspTech.karigor.testCases.ContactUsPage" name="TC_002_Sending_Message" time="10.543"/>
  <system-out/>
</testsuite> <!-- pspTech.karigor.testCases.ContactUsPage -->
